<?xml version="1.0" encoding="UTF-8"?>
<!-- Generated by org.testng.reporters.JUnitReportReporter -->
<testsuite skipped="0" hostname="loginov-N56VB" name="Test1" tests="1" failures="0" timestamp="08 апр 2018 19:39:50 GMT" time="23.878" errors="0">
  <testcase name="testBaseRunner" time="23.878" classname="Test1"/>
</testsuite> <!-- Test1 -->
